-------------------------------------------------------------------------------
Test set: com.examly.springapp.SpringApplicationTests
-------------------------------------------------------------------------------
Tests run: 4, Failures: 3, Errors: 1, Skipped: 0, Time elapsed: 6.575 s <<< FAILURE! - in com.examly.springapp.SpringApplicationTests
test_case1  Time elapsed: 0.359 s  <<< ERROR!
org.springframework.web.util.NestedServletException: Request processing failed; nested exception is org.springframework.dao.DataIntegrityViolationException: could not execute statement; SQL [n/a]; constraint [PRIMARY]; nested exception is org.hibernate.exception.ConstraintViolationException: could not execute statement
	at com.examly.springapp.SpringApplicationTests.test_case1(SpringApplicationTests.java:30)
Caused by: org.springframework.dao.DataIntegrityViolationException: could not execute statement; SQL [n/a]; constraint [PRIMARY]; nested exception is org.hibernate.exception.ConstraintViolationException: could not execute statement
	at com.examly.springapp.SpringApplicationTests.test_case1(SpringApplicationTests.java:30)
Caused by: org.hibernate.exception.ConstraintViolationException: could not execute statement
	at com.examly.springapp.SpringApplicationTests.test_case1(SpringApplicationTests.java:30)
Caused by: java.sql.SQLIntegrityConstraintViolationException: Duplicate entry '0' for key 'PRIMARY'
	at com.examly.springapp.SpringApplicationTests.test_case1(SpringApplicationTests.java:30)

test_case2  Time elapsed: 0.042 s  <<< FAILURE!
java.lang.AssertionError: Status expected:<200> but was:<404>
	at com.examly.springapp.SpringApplicationTests.test_case2(SpringApplicationTests.java:47)

test_case3  Time elapsed: 0.017 s  <<< FAILURE!
java.lang.AssertionError: Status expected:<200> but was:<400>
	at com.examly.springapp.SpringApplicationTests.test_case3(SpringApplicationTests.java:62)

test_case4  Time elapsed: 0.003 s  <<< FAILURE!
java.lang.AssertionError: Status expected:<200> but was:<400>
	at com.examly.springapp.SpringApplicationTests.test_case4(SpringApplicationTests.java:79)

